Analysis & Synthesis report for thread
Thu Jun 26 19:03:02 2025
Quartus Prime Version 20.1.1 Build 720 11/11/2020 SJ Lite Edition


---------------------
; Table of Contents ;
---------------------
  1. Legal Notice
  2. Analysis & Synthesis Summary
  3. Analysis & Synthesis Settings
  4. Parallel Compilation
  5. Analysis & Synthesis Source Files Read
  6. Analysis & Synthesis Resource Usage Summary
  7. Analysis & Synthesis Resource Utilization by Entity
  8. Analysis & Synthesis DSP Block Usage Summary
  9. Registers Removed During Synthesis
 10. General Register Statistics
 11. Multiplexer Restructuring Statistics (Restructuring Performed)
 12. Parameter Settings for Inferred Entity Instance: alu:alu0|lpm_mult:Mult0
 13. Parameter Settings for Inferred Entity Instance: alu:alu0|lpm_divide:Div0
 14. lpm_mult Parameter Settings by Entity Instance
 15. Post-Synthesis Netlist Statistics for Top Partition
 16. Elapsed Time Per Partition
 17. Analysis & Synthesis Messages



----------------
; Legal Notice ;
----------------
Copyright (C) 2020  Intel Corporation. All rights reserved.
Your use of Intel Corporation's design tools, logic functions 
and other software and tools, and any partner logic 
functions, and any output files from any of the foregoing 
(including device programming or simulation files), and any 
associated documentation or information are expressly subject 
to the terms and conditions of the Intel Program License 
Subscription Agreement, the Intel Quartus Prime License Agreement,
the Intel FPGA IP License Agreement, or other applicable license
agreement, including, without limitation, that your use is for
the sole purpose of programming logic devices manufactured by
Intel and sold by Intel or its authorized distributors.  Please
refer to the applicable agreement for further details, at
https://fpgasoftware.intel.com/eula.



+----------------------------------------------------------------------------------+
; Analysis & Synthesis Summary                                                     ;
+------------------------------------+---------------------------------------------+
; Analysis & Synthesis Status        ; Successful - Thu Jun 26 19:03:02 2025       ;
; Quartus Prime Version              ; 20.1.1 Build 720 11/11/2020 SJ Lite Edition ;
; Revision Name                      ; thread                                      ;
; Top-level Entity Name              ; thread                                      ;
; Family                             ; MAX 10                                      ;
; Total logic elements               ; 515                                         ;
;     Total combinational functions  ; 403                                         ;
;     Dedicated logic registers      ; 184                                         ;
; Total registers                    ; 184                                         ;
; Total pins                         ; 96                                          ;
; Total virtual pins                 ; 0                                           ;
; Total memory bits                  ; 0                                           ;
; Embedded Multiplier 9-bit elements ; 1                                           ;
; Total PLLs                         ; 0                                           ;
; UFM blocks                         ; 0                                           ;
; ADC blocks                         ; 0                                           ;
+------------------------------------+---------------------------------------------+


+------------------------------------------------------------------------------------------------------------+
; Analysis & Synthesis Settings                                                                              ;
+------------------------------------------------------------------+--------------------+--------------------+
; Option                                                           ; Setting            ; Default Value      ;
+------------------------------------------------------------------+--------------------+--------------------+
; Device                                                           ; 10M08DAF484C8G     ;                    ;
; Top-level entity name                                            ; thread             ; thread             ;
; Family name                                                      ; MAX 10             ; Cyclone V          ;
; Use smart compilation                                            ; Off                ; Off                ;
; Enable parallel Assembler and Timing Analyzer during compilation ; On                 ; On                 ;
; Enable compact report table                                      ; Off                ; Off                ;
; Restructure Multiplexers                                         ; Auto               ; Auto               ;
; Create Debugging Nodes for IP Cores                              ; Off                ; Off                ;
; Preserve fewer node names                                        ; On                 ; On                 ;
; Intel FPGA IP Evaluation Mode                                    ; Enable             ; Enable             ;
; Verilog Version                                                  ; Verilog_2001       ; Verilog_2001       ;
; VHDL Version                                                     ; VHDL_1993          ; VHDL_1993          ;
; State Machine Processing                                         ; Auto               ; Auto               ;
; Safe State Machine                                               ; Off                ; Off                ;
; Extract Verilog State Machines                                   ; On                 ; On                 ;
; Extract VHDL State Machines                                      ; On                 ; On                 ;
; Ignore Verilog initial constructs                                ; Off                ; Off                ;
; Iteration limit for constant Verilog loops                       ; 5000               ; 5000               ;
; Iteration limit for non-constant Verilog loops                   ; 250                ; 250                ;
; Add Pass-Through Logic to Inferred RAMs                          ; On                 ; On                 ;
; Infer RAMs from Raw Logic                                        ; On                 ; On                 ;
; Parallel Synthesis                                               ; On                 ; On                 ;
; DSP Block Balancing                                              ; Auto               ; Auto               ;
; NOT Gate Push-Back                                               ; On                 ; On                 ;
; Power-Up Don't Care                                              ; On                 ; On                 ;
; Remove Redundant Logic Cells                                     ; Off                ; Off                ;
; Remove Duplicate Registers                                       ; On                 ; On                 ;
; Ignore CARRY Buffers                                             ; Off                ; Off                ;
; Ignore CASCADE Buffers                                           ; Off                ; Off                ;
; Ignore GLOBAL Buffers                                            ; Off                ; Off                ;
; Ignore ROW GLOBAL Buffers                                        ; Off                ; Off                ;
; Ignore LCELL Buffers                                             ; Off                ; Off                ;
; Ignore SOFT Buffers                                              ; On                 ; On                 ;
; Limit AHDL Integers to 32 Bits                                   ; Off                ; Off                ;
; Optimization Technique                                           ; Balanced           ; Balanced           ;
; Carry Chain Length                                               ; 70                 ; 70                 ;
; Auto Carry Chains                                                ; On                 ; On                 ;
; Auto Open-Drain Pins                                             ; On                 ; On                 ;
; Perform WYSIWYG Primitive Resynthesis                            ; Off                ; Off                ;
; Auto ROM Replacement                                             ; On                 ; On                 ;
; Auto RAM Replacement                                             ; On                 ; On                 ;
; Auto DSP Block Replacement                                       ; On                 ; On                 ;
; Auto Shift Register Replacement                                  ; Auto               ; Auto               ;
; Allow Shift Register Merging across Hierarchies                  ; Auto               ; Auto               ;
; Auto Clock Enable Replacement                                    ; On                 ; On                 ;
; Strict RAM Replacement                                           ; Off                ; Off                ;
; Allow Synchronous Control Signals                                ; On                 ; On                 ;
; Force Use of Synchronous Clear Signals                           ; Off                ; Off                ;
; Auto RAM Block Balancing                                         ; On                 ; On                 ;
; Auto RAM to Logic Cell Conversion                                ; Off                ; Off                ;
; Auto Resource Sharing                                            ; Off                ; Off                ;
; Allow Any RAM Size For Recognition                               ; Off                ; Off                ;
; Allow Any ROM Size For Recognition                               ; Off                ; Off                ;
; Allow Any Shift Register Size For Recognition                    ; Off                ; Off                ;
; Use LogicLock Constraints during Resource Balancing              ; On                 ; On                 ;
; Ignore translate_off and synthesis_off directives                ; Off                ; Off                ;
; Timing-Driven Synthesis                                          ; On                 ; On                 ;
; Report Parameter Settings                                        ; On                 ; On                 ;
; Report Source Assignments                                        ; On                 ; On                 ;
; Report Connectivity Checks                                       ; On                 ; On                 ;
; Ignore Maximum Fan-Out Assignments                               ; Off                ; Off                ;
; Synchronization Register Chain Length                            ; 2                  ; 2                  ;
; Power Optimization During Synthesis                              ; Normal compilation ; Normal compilation ;
; HDL message level                                                ; Level2             ; Level2             ;
; Suppress Register Optimization Related Messages                  ; Off                ; Off                ;
; Number of Removed Registers Reported in Synthesis Report         ; 5000               ; 5000               ;
; Number of Swept Nodes Reported in Synthesis Report               ; 5000               ; 5000               ;
; Number of Inverted Registers Reported in Synthesis Report        ; 100                ; 100                ;
; Clock MUX Protection                                             ; On                 ; On                 ;
; Auto Gated Clock Conversion                                      ; Off                ; Off                ;
; Block Design Naming                                              ; Auto               ; Auto               ;
; SDC constraint protection                                        ; Off                ; Off                ;
; Synthesis Effort                                                 ; Auto               ; Auto               ;
; Shift Register Replacement - Allow Asynchronous Clear Signal     ; On                 ; On                 ;
; Pre-Mapping Resynthesis Optimization                             ; Off                ; Off                ;
; Analysis & Synthesis Message Level                               ; Medium             ; Medium             ;
; Disable Register Merging Across Hierarchies                      ; Auto               ; Auto               ;
; Resource Aware Inference For Block RAM                           ; On                 ; On                 ;
+------------------------------------------------------------------+--------------------+--------------------+


+------------------------------------------+
; Parallel Compilation                     ;
+----------------------------+-------------+
; Processors                 ; Number      ;
+----------------------------+-------------+
; Number detected on machine ; 8           ;
; Maximum allowed            ; 4           ;
;                            ;             ;
; Average used               ; 1.00        ;
; Maximum used               ; 4           ;
;                            ;             ;
; Usage by Processor         ; % Time Used ;
;     Processor 1            ; 100.0%      ;
;     Processors 2-4         ;   0.0%      ;
+----------------------------+-------------+


+-------------------------------------------------------------------------------------------------------------------------------------------------------------------------------+
; Analysis & Synthesis Source Files Read                                                                                                                                        ;
+----------------------------------+-----------------+------------------------------+---------------------------------------------------------------------------------+---------+
; File Name with User-Entered Path ; Used in Netlist ; File Type                    ; File Name with Absolute Path                                                    ; Library ;
+----------------------------------+-----------------+------------------------------+---------------------------------------------------------------------------------+---------+
; alu.vhd                          ; yes             ; User VHDL File               ; C:/Users/harsh/Desktop/Coding/quartus_arch_design/thread/alu.vhd                ;         ;
; rf.vhd                           ; yes             ; User VHDL File               ; C:/Users/harsh/Desktop/Coding/quartus_arch_design/thread/rf.vhd                 ;         ;
; pc.vhd                           ; yes             ; User VHDL File               ; C:/Users/harsh/Desktop/Coding/quartus_arch_design/thread/pc.vhd                 ;         ;
; lsu.vhd                          ; yes             ; User VHDL File               ; C:/Users/harsh/Desktop/Coding/quartus_arch_design/thread/lsu.vhd                ;         ;
; thread.vhd                       ; yes             ; User VHDL File               ; C:/Users/harsh/Desktop/Coding/quartus_arch_design/thread/thread.vhd             ;         ;
; lpm_mult.tdf                     ; yes             ; Megafunction                 ; c:/intelfpga_lite/20.1/quartus/libraries/megafunctions/lpm_mult.tdf             ;         ;
; aglobal201.inc                   ; yes             ; Megafunction                 ; c:/intelfpga_lite/20.1/quartus/libraries/megafunctions/aglobal201.inc           ;         ;
; lpm_add_sub.inc                  ; yes             ; Megafunction                 ; c:/intelfpga_lite/20.1/quartus/libraries/megafunctions/lpm_add_sub.inc          ;         ;
; multcore.inc                     ; yes             ; Megafunction                 ; c:/intelfpga_lite/20.1/quartus/libraries/megafunctions/multcore.inc             ;         ;
; bypassff.inc                     ; yes             ; Megafunction                 ; c:/intelfpga_lite/20.1/quartus/libraries/megafunctions/bypassff.inc             ;         ;
; altshift.inc                     ; yes             ; Megafunction                 ; c:/intelfpga_lite/20.1/quartus/libraries/megafunctions/altshift.inc             ;         ;
; db/mult_tds.tdf                  ; yes             ; Auto-Generated Megafunction  ; C:/Users/harsh/Desktop/Coding/quartus_arch_design/thread/db/mult_tds.tdf        ;         ;
; lpm_divide.tdf                   ; yes             ; Megafunction                 ; c:/intelfpga_lite/20.1/quartus/libraries/megafunctions/lpm_divide.tdf           ;         ;
; abs_divider.inc                  ; yes             ; Megafunction                 ; c:/intelfpga_lite/20.1/quartus/libraries/megafunctions/abs_divider.inc          ;         ;
; sign_div_unsign.inc              ; yes             ; Megafunction                 ; c:/intelfpga_lite/20.1/quartus/libraries/megafunctions/sign_div_unsign.inc      ;         ;
; db/lpm_divide_5ao.tdf            ; yes             ; Auto-Generated Megafunction  ; C:/Users/harsh/Desktop/Coding/quartus_arch_design/thread/db/lpm_divide_5ao.tdf  ;         ;
; db/abs_divider_aag.tdf           ; yes             ; Auto-Generated Megafunction  ; C:/Users/harsh/Desktop/Coding/quartus_arch_design/thread/db/abs_divider_aag.tdf ;         ;
; db/alt_u_div_8fe.tdf             ; yes             ; Auto-Generated Megafunction  ; C:/Users/harsh/Desktop/Coding/quartus_arch_design/thread/db/alt_u_div_8fe.tdf   ;         ;
; db/add_sub_t3c.tdf               ; yes             ; Auto-Generated Megafunction  ; C:/Users/harsh/Desktop/Coding/quartus_arch_design/thread/db/add_sub_t3c.tdf     ;         ;
; db/add_sub_u3c.tdf               ; yes             ; Auto-Generated Megafunction  ; C:/Users/harsh/Desktop/Coding/quartus_arch_design/thread/db/add_sub_u3c.tdf     ;         ;
; db/lpm_abs_r99.tdf               ; yes             ; Auto-Generated Megafunction  ; C:/Users/harsh/Desktop/Coding/quartus_arch_design/thread/db/lpm_abs_r99.tdf     ;         ;
+----------------------------------+-----------------+------------------------------+---------------------------------------------------------------------------------+---------+


+---------------------------------------------------------+
; Analysis & Synthesis Resource Usage Summary             ;
+---------------------------------------------+-----------+
; Resource                                    ; Usage     ;
+---------------------------------------------+-----------+
; Estimated Total logic elements              ; 515       ;
;                                             ;           ;
; Total combinational functions               ; 403       ;
; Logic element usage by number of LUT inputs ;           ;
;     -- 4 input functions                    ; 249       ;
;     -- 3 input functions                    ; 91        ;
;     -- <=2 input functions                  ; 63        ;
;                                             ;           ;
; Logic elements by mode                      ;           ;
;     -- normal mode                          ; 341       ;
;     -- arithmetic mode                      ; 62        ;
;                                             ;           ;
; Total registers                             ; 184       ;
;     -- Dedicated logic registers            ; 184       ;
;     -- I/O registers                        ; 0         ;
;                                             ;           ;
; I/O pins                                    ; 96        ;
;                                             ;           ;
; Embedded Multiplier 9-bit elements          ; 1         ;
;                                             ;           ;
; Maximum fan-out node                        ; clk~input ;
; Maximum fan-out                             ; 184       ;
; Total fan-out                               ; 2120      ;
; Average fan-out                             ; 2.71      ;
+---------------------------------------------+-----------+


+----------------------------------------------------------------------------------------------------------------------------------------------------------------------------------------------------------------------------------------------------------------------------------------------------------------------------------------------------------------------+
; Analysis & Synthesis Resource Utilization by Entity                                                                                                                                                                                                                                                                                                                  ;
+-------------------------------------------+---------------------+---------------------------+-------------+------------+--------------+---------+-----------+------+--------------+------------+------------------------------------------------------------------------------------------------------------------------------------+-----------------+--------------+
; Compilation Hierarchy Node                ; Combinational ALUTs ; Dedicated Logic Registers ; Memory Bits ; UFM Blocks ; DSP Elements ; DSP 9x9 ; DSP 18x18 ; Pins ; Virtual Pins ; ADC blocks ; Full Hierarchy Name                                                                                                                ; Entity Name     ; Library Name ;
+-------------------------------------------+---------------------+---------------------------+-------------+------------+--------------+---------+-----------+------+--------------+------------+------------------------------------------------------------------------------------------------------------------------------------+-----------------+--------------+
; |thread                                   ; 403 (0)             ; 184 (0)                   ; 0           ; 0          ; 1            ; 1       ; 0         ; 96   ; 0            ; 0          ; |thread                                                                                                                            ; thread          ; work         ;
;    |alu:alu0|                             ; 158 (56)            ; 11 (11)                   ; 0           ; 0          ; 1            ; 1       ; 0         ; 0    ; 0            ; 0          ; |thread|alu:alu0                                                                                                                   ; alu             ; work         ;
;       |lpm_divide:Div0|                   ; 102 (0)             ; 0 (0)                     ; 0           ; 0          ; 0            ; 0       ; 0         ; 0    ; 0            ; 0          ; |thread|alu:alu0|lpm_divide:Div0                                                                                                   ; lpm_divide      ; work         ;
;          |lpm_divide_5ao:auto_generated|  ; 102 (0)             ; 0 (0)                     ; 0           ; 0          ; 0            ; 0       ; 0         ; 0    ; 0            ; 0          ; |thread|alu:alu0|lpm_divide:Div0|lpm_divide_5ao:auto_generated                                                                     ; lpm_divide_5ao  ; work         ;
;             |abs_divider_aag:divider|     ; 102 (8)             ; 0 (0)                     ; 0           ; 0          ; 0            ; 0       ; 0         ; 0    ; 0            ; 0          ; |thread|alu:alu0|lpm_divide:Div0|lpm_divide_5ao:auto_generated|abs_divider_aag:divider                                             ; abs_divider_aag ; work         ;
;                |alt_u_div_8fe:divider|    ; 76 (73)             ; 0 (0)                     ; 0           ; 0          ; 0            ; 0       ; 0         ; 0    ; 0            ; 0          ; |thread|alu:alu0|lpm_divide:Div0|lpm_divide_5ao:auto_generated|abs_divider_aag:divider|alt_u_div_8fe:divider                       ; alt_u_div_8fe   ; work         ;
;                   |add_sub_t3c:add_sub_0| ; 1 (1)               ; 0 (0)                     ; 0           ; 0          ; 0            ; 0       ; 0         ; 0    ; 0            ; 0          ; |thread|alu:alu0|lpm_divide:Div0|lpm_divide_5ao:auto_generated|abs_divider_aag:divider|alt_u_div_8fe:divider|add_sub_t3c:add_sub_0 ; add_sub_t3c     ; work         ;
;                   |add_sub_u3c:add_sub_1| ; 2 (2)               ; 0 (0)                     ; 0           ; 0          ; 0            ; 0       ; 0         ; 0    ; 0            ; 0          ; |thread|alu:alu0|lpm_divide:Div0|lpm_divide_5ao:auto_generated|abs_divider_aag:divider|alt_u_div_8fe:divider|add_sub_u3c:add_sub_1 ; add_sub_u3c     ; work         ;
;                |lpm_abs_r99:my_abs_den|   ; 9 (9)               ; 0 (0)                     ; 0           ; 0          ; 0            ; 0       ; 0         ; 0    ; 0            ; 0          ; |thread|alu:alu0|lpm_divide:Div0|lpm_divide_5ao:auto_generated|abs_divider_aag:divider|lpm_abs_r99:my_abs_den                      ; lpm_abs_r99     ; work         ;
;                |lpm_abs_r99:my_abs_num|   ; 9 (9)               ; 0 (0)                     ; 0           ; 0          ; 0            ; 0       ; 0         ; 0    ; 0            ; 0          ; |thread|alu:alu0|lpm_divide:Div0|lpm_divide_5ao:auto_generated|abs_divider_aag:divider|lpm_abs_r99:my_abs_num                      ; lpm_abs_r99     ; work         ;
;       |lpm_mult:Mult0|                    ; 0 (0)               ; 0 (0)                     ; 0           ; 0          ; 1            ; 1       ; 0         ; 0    ; 0            ; 0          ; |thread|alu:alu0|lpm_mult:Mult0                                                                                                    ; lpm_mult        ; work         ;
;          |mult_tds:auto_generated|        ; 0 (0)               ; 0 (0)                     ; 0           ; 0          ; 1            ; 1       ; 0         ; 0    ; 0            ; 0          ; |thread|alu:alu0|lpm_mult:Mult0|mult_tds:auto_generated                                                                            ; mult_tds        ; work         ;
;    |lsu:load_store|                       ; 37 (37)             ; 34 (34)                   ; 0           ; 0          ; 0            ; 0       ; 0         ; 0    ; 0            ; 0          ; |thread|lsu:load_store                                                                                                             ; lsu             ; work         ;
;    |pc:counter|                           ; 24 (24)             ; 11 (11)                   ; 0           ; 0          ; 0            ; 0       ; 0         ; 0    ; 0            ; 0          ; |thread|pc:counter                                                                                                                 ; pc              ; work         ;
;    |rf:reg_file|                          ; 184 (184)           ; 128 (128)                 ; 0           ; 0          ; 0            ; 0       ; 0         ; 0    ; 0            ; 0          ; |thread|rf:reg_file                                                                                                                ; rf              ; work         ;
+-------------------------------------------+---------------------+---------------------------+-------------+------------+--------------+---------+-----------+------+--------------+------------+------------------------------------------------------------------------------------------------------------------------------------+-----------------+--------------+
Note: For table entries with two numbers listed, the numbers in parentheses indicate the number of resources of the given type used by the specific entity alone. The numbers listed outside of parentheses indicate the total resources of the given type used by the specific entity and all of its sub-entities in the hierarchy.


+-----------------------------------------------------+
; Analysis & Synthesis DSP Block Usage Summary        ;
+---------------------------------------+-------------+
; Statistic                             ; Number Used ;
+---------------------------------------+-------------+
; Simple Multipliers (9-bit)            ; 1           ;
; Simple Multipliers (18-bit)           ; 0           ;
; Embedded Multiplier Blocks            ; --          ;
; Embedded Multiplier 9-bit elements    ; 1           ;
; Signed Embedded Multipliers           ; 1           ;
; Unsigned Embedded Multipliers         ; 0           ;
; Mixed Sign Embedded Multipliers       ; 0           ;
; Variable Sign Embedded Multipliers    ; 0           ;
; Dedicated Input Shift Register Chains ; 0           ;
+---------------------------------------+-------------+
Note: number of Embedded Multiplier Blocks used is only available after a successful fit.


+---------------------------------------------------------------------------------+
; Registers Removed During Synthesis                                              ;
+----------------------------------------+----------------------------------------+
; Register name                          ; Reason for Removal                     ;
+----------------------------------------+----------------------------------------+
; rf:reg_file|reg_file[14][0]            ; Stuck at GND due to stuck port data_in ;
; rf:reg_file|reg_file[15][0]            ; Stuck at GND due to stuck port data_in ;
; rf:reg_file|reg_file[14][1]            ; Stuck at GND due to stuck port data_in ;
; rf:reg_file|reg_file[15][1]            ; Stuck at GND due to stuck port data_in ;
; rf:reg_file|reg_file[14][2]            ; Stuck at VCC due to stuck port data_in ;
; rf:reg_file|reg_file[15][2]            ; Stuck at GND due to stuck port data_in ;
; rf:reg_file|reg_file[14][3]            ; Stuck at GND due to stuck port data_in ;
; rf:reg_file|reg_file[15][3]            ; Stuck at GND due to stuck port data_in ;
; rf:reg_file|reg_file[14][4]            ; Stuck at GND due to stuck port data_in ;
; rf:reg_file|reg_file[15][4]            ; Stuck at GND due to stuck port data_in ;
; rf:reg_file|reg_file[14][5]            ; Stuck at GND due to stuck port data_in ;
; rf:reg_file|reg_file[15][5]            ; Stuck at GND due to stuck port data_in ;
; rf:reg_file|reg_file[14][6]            ; Stuck at GND due to stuck port data_in ;
; rf:reg_file|reg_file[15][6]            ; Stuck at GND due to stuck port data_in ;
; rf:reg_file|reg_file[14][7]            ; Stuck at GND due to stuck port data_in ;
; rf:reg_file|reg_file[15][7]            ; Stuck at GND due to stuck port data_in ;
; Total Number of Removed Registers = 16 ;                                        ;
+----------------------------------------+----------------------------------------+


+------------------------------------------------------+
; General Register Statistics                          ;
+----------------------------------------------+-------+
; Statistic                                    ; Value ;
+----------------------------------------------+-------+
; Total registers                              ; 184   ;
; Number of registers using Synchronous Clear  ; 42    ;
; Number of registers using Synchronous Load   ; 0     ;
; Number of registers using Asynchronous Clear ; 0     ;
; Number of registers using Asynchronous Load  ; 0     ;
; Number of registers using Clock Enable       ; 183   ;
; Number of registers using Preset             ; 0     ;
+----------------------------------------------+-------+


+--------------------------------------------------------------------------------------------------------------------------------------------------------+
; Multiplexer Restructuring Statistics (Restructuring Performed)                                                                                         ;
+--------------------+-----------+---------------+----------------------+------------------------+------------+------------------------------------------+
; Multiplexer Inputs ; Bus Width ; Baseline Area ; Area if Restructured ; Saving if Restructured ; Registered ; Example Multiplexer Output               ;
+--------------------+-----------+---------------+----------------------+------------------------+------------+------------------------------------------+
; 3:1                ; 8 bits    ; 16 LEs        ; 8 LEs                ; 8 LEs                  ; Yes        ; |thread|lsu:load_store|mem_read_add[6]   ;
; 3:1                ; 16 bits   ; 32 LEs        ; 16 LEs               ; 16 LEs                 ; Yes        ; |thread|lsu:load_store|mem_write_data[1] ;
; 3:1                ; 3 bits    ; 6 LEs         ; 3 LEs                ; 3 LEs                  ; Yes        ; |thread|pc:counter|nzp_reg[0]            ;
; 3:1                ; 8 bits    ; 16 LEs        ; 8 LEs                ; 8 LEs                  ; Yes        ; |thread|lsu:load_store|lsu_out[7]        ;
; 3:1                ; 8 bits    ; 16 LEs        ; 8 LEs                ; 8 LEs                  ; Yes        ; |thread|rf:reg_file|reg_file[0][7]       ;
; 3:1                ; 8 bits    ; 16 LEs        ; 8 LEs                ; 8 LEs                  ; Yes        ; |thread|rf:reg_file|reg_file[1][6]       ;
; 3:1                ; 8 bits    ; 16 LEs        ; 8 LEs                ; 8 LEs                  ; Yes        ; |thread|rf:reg_file|reg_file[2][6]       ;
; 3:1                ; 8 bits    ; 16 LEs        ; 8 LEs                ; 8 LEs                  ; Yes        ; |thread|rf:reg_file|reg_file[3][6]       ;
; 3:1                ; 8 bits    ; 16 LEs        ; 8 LEs                ; 8 LEs                  ; Yes        ; |thread|rf:reg_file|reg_file[4][5]       ;
; 3:1                ; 8 bits    ; 16 LEs        ; 8 LEs                ; 8 LEs                  ; Yes        ; |thread|rf:reg_file|reg_file[5][2]       ;
; 3:1                ; 8 bits    ; 16 LEs        ; 8 LEs                ; 8 LEs                  ; Yes        ; |thread|rf:reg_file|reg_file[6][2]       ;
; 3:1                ; 8 bits    ; 16 LEs        ; 8 LEs                ; 8 LEs                  ; Yes        ; |thread|rf:reg_file|reg_file[7][4]       ;
; 3:1                ; 8 bits    ; 16 LEs        ; 8 LEs                ; 8 LEs                  ; Yes        ; |thread|rf:reg_file|reg_file[8][4]       ;
; 3:1                ; 8 bits    ; 16 LEs        ; 8 LEs                ; 8 LEs                  ; Yes        ; |thread|rf:reg_file|reg_file[9][7]       ;
; 3:1                ; 8 bits    ; 16 LEs        ; 8 LEs                ; 8 LEs                  ; Yes        ; |thread|rf:reg_file|reg_file[10][5]      ;
; 3:1                ; 8 bits    ; 16 LEs        ; 8 LEs                ; 8 LEs                  ; Yes        ; |thread|rf:reg_file|reg_file[11][5]      ;
; 3:1                ; 8 bits    ; 16 LEs        ; 8 LEs                ; 8 LEs                  ; Yes        ; |thread|rf:reg_file|reg_file[12][0]      ;
; 3:1                ; 8 bits    ; 16 LEs        ; 8 LEs                ; 8 LEs                  ; Yes        ; |thread|rf:reg_file|reg_file[14][6]      ;
; 3:1                ; 8 bits    ; 16 LEs        ; 8 LEs                ; 8 LEs                  ; Yes        ; |thread|rf:reg_file|reg_file[15][4]      ;
; 4:1                ; 8 bits    ; 16 LEs        ; 16 LEs               ; 0 LEs                  ; Yes        ; |thread|pc:counter|new_pc[2]             ;
; 4:1                ; 8 bits    ; 16 LEs        ; 16 LEs               ; 0 LEs                  ; Yes        ; |thread|rf:reg_file|reg_file[13][2]      ;
; 6:1                ; 8 bits    ; 32 LEs        ; 16 LEs               ; 16 LEs                 ; Yes        ; |thread|alu:alu0|oo[7]                   ;
; 11:1               ; 2 bits    ; 14 LEs        ; 8 LEs                ; 6 LEs                  ; Yes        ; |thread|lsu:load_store|lsu_state[1]      ;
; 18:1               ; 8 bits    ; 96 LEs        ; 88 LEs               ; 8 LEs                  ; Yes        ; |thread|rf:reg_file|rs_data[0]           ;
; 18:1               ; 8 bits    ; 96 LEs        ; 88 LEs               ; 8 LEs                  ; Yes        ; |thread|rf:reg_file|rt_data[6]           ;
; 3:1                ; 8 bits    ; 16 LEs        ; 16 LEs               ; 0 LEs                  ; No         ; |thread|rf:reg_file|reg_file             ;
+--------------------+-----------+---------------+----------------------+------------------------+------------+------------------------------------------+


+---------------------------------------------------------------------------------+
; Parameter Settings for Inferred Entity Instance: alu:alu0|lpm_mult:Mult0        ;
+------------------------------------------------+----------+---------------------+
; Parameter Name                                 ; Value    ; Type                ;
+------------------------------------------------+----------+---------------------+
; AUTO_CARRY_CHAINS                              ; ON       ; AUTO_CARRY          ;
; IGNORE_CARRY_BUFFERS                           ; OFF      ; IGNORE_CARRY        ;
; AUTO_CASCADE_CHAINS                            ; ON       ; AUTO_CASCADE        ;
; IGNORE_CASCADE_BUFFERS                         ; OFF      ; IGNORE_CASCADE      ;
; LPM_WIDTHA                                     ; 8        ; Untyped             ;
; LPM_WIDTHB                                     ; 8        ; Untyped             ;
; LPM_WIDTHP                                     ; 16       ; Untyped             ;
; LPM_WIDTHR                                     ; 16       ; Untyped             ;
; LPM_WIDTHS                                     ; 1        ; Untyped             ;
; LPM_REPRESENTATION                             ; SIGNED   ; Untyped             ;
; LPM_PIPELINE                                   ; 0        ; Untyped             ;
; LATENCY                                        ; 0        ; Untyped             ;
; INPUT_A_IS_CONSTANT                            ; NO       ; Untyped             ;
; INPUT_B_IS_CONSTANT                            ; NO       ; Untyped             ;
; USE_EAB                                        ; OFF      ; Untyped             ;
; MAXIMIZE_SPEED                                 ; 5        ; Untyped             ;
; DEVICE_FAMILY                                  ; MAX 10   ; Untyped             ;
; CARRY_CHAIN                                    ; MANUAL   ; Untyped             ;
; APEX20K_TECHNOLOGY_MAPPER                      ; LUT      ; TECH_MAPPER_APEX20K ;
; DEDICATED_MULTIPLIER_CIRCUITRY                 ; AUTO     ; Untyped             ;
; DEDICATED_MULTIPLIER_MIN_INPUT_WIDTH_FOR_AUTO  ; 0        ; Untyped             ;
; DEDICATED_MULTIPLIER_MIN_OUTPUT_WIDTH_FOR_AUTO ; 0        ; Untyped             ;
; CBXI_PARAMETER                                 ; mult_tds ; Untyped             ;
; INPUT_A_FIXED_VALUE                            ; Bx       ; Untyped             ;
; INPUT_B_FIXED_VALUE                            ; Bx       ; Untyped             ;
; USE_AHDL_IMPLEMENTATION                        ; OFF      ; Untyped             ;
+------------------------------------------------+----------+---------------------+
Note: In order to hide this table in the UI and the text report file, please set the "Show Parameter Settings in Synthesis Report" option in "Analysis and Synthesis Settings -> More Settings" to "Off".


+---------------------------------------------------------------------------+
; Parameter Settings for Inferred Entity Instance: alu:alu0|lpm_divide:Div0 ;
+------------------------+----------------+---------------------------------+
; Parameter Name         ; Value          ; Type                            ;
+------------------------+----------------+---------------------------------+
; LPM_WIDTHN             ; 8              ; Untyped                         ;
; LPM_WIDTHD             ; 8              ; Untyped                         ;
; LPM_NREPRESENTATION    ; SIGNED         ; Untyped                         ;
; LPM_DREPRESENTATION    ; SIGNED         ; Untyped                         ;
; LPM_PIPELINE           ; 0              ; Untyped                         ;
; LPM_REMAINDERPOSITIVE  ; FALSE          ; Untyped                         ;
; MAXIMIZE_SPEED         ; 5              ; Untyped                         ;
; CBXI_PARAMETER         ; lpm_divide_5ao ; Untyped                         ;
; CARRY_CHAIN            ; MANUAL         ; Untyped                         ;
; OPTIMIZE_FOR_SPEED     ; 5              ; Untyped                         ;
; AUTO_CARRY_CHAINS      ; ON             ; AUTO_CARRY                      ;
; IGNORE_CARRY_BUFFERS   ; OFF            ; IGNORE_CARRY                    ;
; AUTO_CASCADE_CHAINS    ; ON             ; AUTO_CASCADE                    ;
; IGNORE_CASCADE_BUFFERS ; OFF            ; IGNORE_CASCADE                  ;
+------------------------+----------------+---------------------------------+
Note: In order to hide this table in the UI and the text report file, please set the "Show Parameter Settings in Synthesis Report" option in "Analysis and Synthesis Settings -> More Settings" to "Off".


+-----------------------------------------------------------------+
; lpm_mult Parameter Settings by Entity Instance                  ;
+---------------------------------------+-------------------------+
; Name                                  ; Value                   ;
+---------------------------------------+-------------------------+
; Number of entity instances            ; 1                       ;
; Entity Instance                       ; alu:alu0|lpm_mult:Mult0 ;
;     -- LPM_WIDTHA                     ; 8                       ;
;     -- LPM_WIDTHB                     ; 8                       ;
;     -- LPM_WIDTHP                     ; 16                      ;
;     -- LPM_REPRESENTATION             ; SIGNED                  ;
;     -- INPUT_A_IS_CONSTANT            ; NO                      ;
;     -- INPUT_B_IS_CONSTANT            ; NO                      ;
;     -- USE_EAB                        ; OFF                     ;
;     -- DEDICATED_MULTIPLIER_CIRCUITRY ; AUTO                    ;
;     -- INPUT_A_FIXED_VALUE            ; Bx                      ;
;     -- INPUT_B_FIXED_VALUE            ; Bx                      ;
+---------------------------------------+-------------------------+


+-----------------------------------------------------+
; Post-Synthesis Netlist Statistics for Top Partition ;
+-----------------------+-----------------------------+
; Type                  ; Count                       ;
+-----------------------+-----------------------------+
; boundary_port         ; 96                          ;
; cycloneiii_ff         ; 184                         ;
;     ENA               ; 141                         ;
;     ENA SCLR          ; 42                          ;
;     plain             ; 1                           ;
; cycloneiii_lcell_comb ; 403                         ;
;     arith             ; 62                          ;
;         2 data inputs ; 9                           ;
;         3 data inputs ; 53                          ;
;     normal            ; 341                         ;
;         0 data inputs ; 6                           ;
;         1 data inputs ; 1                           ;
;         2 data inputs ; 47                          ;
;         3 data inputs ; 38                          ;
;         4 data inputs ; 249                         ;
; cycloneiii_mac_mult   ; 1                           ;
; cycloneiii_mac_out    ; 1                           ;
;                       ;                             ;
; Max LUT depth         ; 23.40                       ;
; Average LUT depth     ; 6.91                        ;
+-----------------------+-----------------------------+


+-------------------------------+
; Elapsed Time Per Partition    ;
+----------------+--------------+
; Partition Name ; Elapsed Time ;
+----------------+--------------+
; Top            ; 00:00:01     ;
+----------------+--------------+


+-------------------------------+
; Analysis & Synthesis Messages ;
+-------------------------------+
Info: *******************************************************************
Info: Running Quartus Prime Analysis & Synthesis
    Info: Version 20.1.1 Build 720 11/11/2020 SJ Lite Edition
    Info: Processing started: Thu Jun 26 19:02:51 2025
Info: Command: quartus_map --read_settings_files=on --write_settings_files=off thread -c thread
Warning (18236): Number of processors has not been specified which may cause overloading on shared machines.  Set the global assignment NUM_PARALLEL_PROCESSORS in your QSF to an appropriate value for best performance.
Info (20030): Parallel compilation is enabled and will use 4 of the 4 processors detected
Info (12021): Found 2 design units, including 1 entities, in source file alu.vhd
    Info (12022): Found design unit 1: alu-arch File: C:/Users/harsh/Desktop/Coding/quartus_arch_design/thread/alu.vhd Line: 15
    Info (12023): Found entity 1: alu File: C:/Users/harsh/Desktop/Coding/quartus_arch_design/thread/alu.vhd Line: 3
Info (12021): Found 2 design units, including 1 entities, in source file rf.vhd
    Info (12022): Found design unit 1: rf-arch File: C:/Users/harsh/Desktop/Coding/quartus_arch_design/thread/rf.vhd Line: 21
    Info (12023): Found entity 1: rf File: C:/Users/harsh/Desktop/Coding/quartus_arch_design/thread/rf.vhd Line: 3
Info (12021): Found 2 design units, including 1 entities, in source file pc.vhd
    Info (12022): Found design unit 1: pc-arch File: C:/Users/harsh/Desktop/Coding/quartus_arch_design/thread/pc.vhd Line: 17
    Info (12023): Found entity 1: pc File: C:/Users/harsh/Desktop/Coding/quartus_arch_design/thread/pc.vhd Line: 3
Info (12021): Found 2 design units, including 1 entities, in source file lsu.vhd
    Info (12022): Found design unit 1: lsu-arch File: C:/Users/harsh/Desktop/Coding/quartus_arch_design/thread/lsu.vhd Line: 22
    Info (12023): Found entity 1: lsu File: C:/Users/harsh/Desktop/Coding/quartus_arch_design/thread/lsu.vhd Line: 3
Info (12021): Found 2 design units, including 1 entities, in source file thread.vhd
    Info (12022): Found design unit 1: thread-arch File: C:/Users/harsh/Desktop/Coding/quartus_arch_design/thread/thread.vhd Line: 37
    Info (12023): Found entity 1: thread File: C:/Users/harsh/Desktop/Coding/quartus_arch_design/thread/thread.vhd Line: 4
Info (12127): Elaborating entity "thread" for the top level hierarchy
Info (12128): Elaborating entity "alu" for hierarchy "alu:alu0" File: C:/Users/harsh/Desktop/Coding/quartus_arch_design/thread/thread.vhd Line: 103
Info (12128): Elaborating entity "rf" for hierarchy "rf:reg_file" File: C:/Users/harsh/Desktop/Coding/quartus_arch_design/thread/thread.vhd Line: 104
Info (12128): Elaborating entity "pc" for hierarchy "pc:counter" File: C:/Users/harsh/Desktop/Coding/quartus_arch_design/thread/thread.vhd Line: 105
Info (12128): Elaborating entity "lsu" for hierarchy "lsu:load_store" File: C:/Users/harsh/Desktop/Coding/quartus_arch_design/thread/thread.vhd Line: 106
Info (278001): Inferred 2 megafunctions from design logic
    Info (278003): Inferred multiplier megafunction ("lpm_mult") from the following logic: "alu:alu0|Mult0" File: C:/Users/harsh/Desktop/Coding/quartus_arch_design/thread/alu.vhd Line: 53
    Info (278004): Inferred divider/modulo megafunction ("lpm_divide") from the following logic: "alu:alu0|Div0" File: C:/Users/harsh/Desktop/Coding/quartus_arch_design/thread/alu.vhd Line: 56
Info (12130): Elaborated megafunction instantiation "alu:alu0|lpm_mult:Mult0" File: C:/Users/harsh/Desktop/Coding/quartus_arch_design/thread/alu.vhd Line: 53
Info (12133): Instantiated megafunction "alu:alu0|lpm_mult:Mult0" with the following parameter: File: C:/Users/harsh/Desktop/Coding/quartus_arch_design/thread/alu.vhd Line: 53
    Info (12134): Parameter "LPM_WIDTHA" = "8"
    Info (12134): Parameter "LPM_WIDTHB" = "8"
    Info (12134): Parameter "LPM_WIDTHP" = "16"
    Info (12134): Parameter "LPM_WIDTHR" = "16"
    Info (12134): Parameter "LPM_WIDTHS" = "1"
    Info (12134): Parameter "LPM_REPRESENTATION" = "SIGNED"
    Info (12134): Parameter "INPUT_A_IS_CONSTANT" = "NO"
    Info (12134): Parameter "INPUT_B_IS_CONSTANT" = "NO"
    Info (12134): Parameter "MAXIMIZE_SPEED" = "5"
Info (12021): Found 1 design units, including 1 entities, in source file db/mult_tds.tdf
    Info (12023): Found entity 1: mult_tds File: C:/Users/harsh/Desktop/Coding/quartus_arch_design/thread/db/mult_tds.tdf Line: 29
Info (12130): Elaborated megafunction instantiation "alu:alu0|lpm_divide:Div0" File: C:/Users/harsh/Desktop/Coding/quartus_arch_design/thread/alu.vhd Line: 56
Info (12133): Instantiated megafunction "alu:alu0|lpm_divide:Div0" with the following parameter: File: C:/Users/harsh/Desktop/Coding/quartus_arch_design/thread/alu.vhd Line: 56
    Info (12134): Parameter "LPM_WIDTHN" = "8"
    Info (12134): Parameter "LPM_WIDTHD" = "8"
    Info (12134): Parameter "LPM_NREPRESENTATION" = "SIGNED"
    Info (12134): Parameter "LPM_DREPRESENTATION" = "SIGNED"
    Info (12134): Parameter "LPM_HINT" = "LPM_REMAINDERPOSITIVE=FALSE"
Info (12021): Found 1 design units, including 1 entities, in source file db/lpm_divide_5ao.tdf
    Info (12023): Found entity 1: lpm_divide_5ao File: C:/Users/harsh/Desktop/Coding/quartus_arch_design/thread/db/lpm_divide_5ao.tdf Line: 25
Info (12021): Found 1 design units, including 1 entities, in source file db/abs_divider_aag.tdf
    Info (12023): Found entity 1: abs_divider_aag File: C:/Users/harsh/Desktop/Coding/quartus_arch_design/thread/db/abs_divider_aag.tdf Line: 27
Info (12021): Found 1 design units, including 1 entities, in source file db/alt_u_div_8fe.tdf
    Info (12023): Found entity 1: alt_u_div_8fe File: C:/Users/harsh/Desktop/Coding/quartus_arch_design/thread/db/alt_u_div_8fe.tdf Line: 27
Info (12021): Found 1 design units, including 1 entities, in source file db/add_sub_t3c.tdf
    Info (12023): Found entity 1: add_sub_t3c File: C:/Users/harsh/Desktop/Coding/quartus_arch_design/thread/db/add_sub_t3c.tdf Line: 23
Info (12021): Found 1 design units, including 1 entities, in source file db/add_sub_u3c.tdf
    Info (12023): Found entity 1: add_sub_u3c File: C:/Users/harsh/Desktop/Coding/quartus_arch_design/thread/db/add_sub_u3c.tdf Line: 23
Info (12021): Found 1 design units, including 1 entities, in source file db/lpm_abs_r99.tdf
    Info (12023): Found entity 1: lpm_abs_r99 File: C:/Users/harsh/Desktop/Coding/quartus_arch_design/thread/db/lpm_abs_r99.tdf Line: 25
Info (13014): Ignored 14 buffer(s)
    Info (13016): Ignored 14 CARRY_SUM buffer(s)
Info (286030): Timing-Driven Synthesis is running
Info (16010): Generating hard_block partition "hard_block:auto_generated_inst"
    Info (16011): Adding 0 node(s), including 0 DDIO, 0 PLL, 0 transceiver and 0 LCELL
Info (21057): Implemented 629 device resources after synthesis - the final resource count might be different
    Info (21058): Implemented 64 input pins
    Info (21059): Implemented 32 output pins
    Info (21061): Implemented 532 logic cells
    Info (21062): Implemented 1 DSP elements
Info: Quartus Prime Analysis & Synthesis was successful. 0 errors, 1 warning
    Info: Peak virtual memory: 4799 megabytes
    Info: Processing ended: Thu Jun 26 19:03:02 2025
    Info: Elapsed time: 00:00:11
    Info: Total CPU time (on all processors): 00:00:04


