Analysis & Synthesis report for core
Thu Jul 31 23:31:04 2025
Quartus Prime Version 20.1.1 Build 720 11/11/2020 SJ Lite Edition


---------------------
; Table of Contents ;
---------------------
  1. Legal Notice
  2. Analysis & Synthesis Summary
  3. Analysis & Synthesis Settings
  4. Parallel Compilation
  5. Analysis & Synthesis Source Files Read
  6. Analysis & Synthesis Resource Usage Summary
  7. Analysis & Synthesis Resource Utilization by Entity
  8. State Machine - |mem_controller|controller_state[0]
  9. State Machine - |mem_controller|controller_state[1]
 10. State Machine - |mem_controller|controller_state[2]
 11. State Machine - |mem_controller|controller_state[3]
 12. General Register Statistics
 13. Multiplexer Restructuring Statistics (Restructuring Performed)
 14. Parameter Settings for User Entity Instance: Top-level Entity: |mem_controller
 15. Post-Synthesis Netlist Statistics for Top Partition
 16. Elapsed Time Per Partition
 17. Analysis & Synthesis Messages



----------------
; Legal Notice ;
----------------
Copyright (C) 2020  Intel Corporation. All rights reserved.
Your use of Intel Corporation's design tools, logic functions 
and other software and tools, and any partner logic 
functions, and any output files from any of the foregoing 
(including device programming or simulation files), and any 
associated documentation or information are expressly subject 
to the terms and conditions of the Intel Program License 
Subscription Agreement, the Intel Quartus Prime License Agreement,
the Intel FPGA IP License Agreement, or other applicable license
agreement, including, without limitation, that your use is for
the sole purpose of programming logic devices manufactured by
Intel and sold by Intel or its authorized distributors.  Please
refer to the applicable agreement for further details, at
https://fpgasoftware.intel.com/eula.



+----------------------------------------------------------------------------------+
; Analysis & Synthesis Summary                                                     ;
+------------------------------------+---------------------------------------------+
; Analysis & Synthesis Status        ; Successful - Thu Jul 31 23:31:04 2025       ;
; Quartus Prime Version              ; 20.1.1 Build 720 11/11/2020 SJ Lite Edition ;
; Revision Name                      ; core                                        ;
; Top-level Entity Name              ; mem_controller                              ;
; Family                             ; MAX 10                                      ;
; Total logic elements               ; 747                                         ;
;     Total combinational functions  ; 666                                         ;
;     Dedicated logic registers      ; 224                                         ;
; Total registers                    ; 224                                         ;
; Total pins                         ; 434                                         ;
; Total virtual pins                 ; 0                                           ;
; Total memory bits                  ; 0                                           ;
; Embedded Multiplier 9-bit elements ; 0                                           ;
; Total PLLs                         ; 0                                           ;
; UFM blocks                         ; 0                                           ;
; ADC blocks                         ; 0                                           ;
+------------------------------------+---------------------------------------------+


+------------------------------------------------------------------------------------------------------------+
; Analysis & Synthesis Settings                                                                              ;
+------------------------------------------------------------------+--------------------+--------------------+
; Option                                                           ; Setting            ; Default Value      ;
+------------------------------------------------------------------+--------------------+--------------------+
; Device                                                           ; 10M08DAF484C8G     ;                    ;
; Top-level entity name                                            ; mem_controller     ; core               ;
; Family name                                                      ; MAX 10             ; Cyclone V          ;
; VHDL Show LMF Mapping Messages                                   ; Off                ;                    ;
; VHDL Version                                                     ; VHDL_2008          ; VHDL_1993          ;
; Use smart compilation                                            ; Off                ; Off                ;
; Enable parallel Assembler and Timing Analyzer during compilation ; On                 ; On                 ;
; Enable compact report table                                      ; Off                ; Off                ;
; Restructure Multiplexers                                         ; Auto               ; Auto               ;
; Create Debugging Nodes for IP Cores                              ; Off                ; Off                ;
; Preserve fewer node names                                        ; On                 ; On                 ;
; Intel FPGA IP Evaluation Mode                                    ; Enable             ; Enable             ;
; Verilog Version                                                  ; Verilog_2001       ; Verilog_2001       ;
; State Machine Processing                                         ; Auto               ; Auto               ;
; Safe State Machine                                               ; Off                ; Off                ;
; Extract Verilog State Machines                                   ; On                 ; On                 ;
; Extract VHDL State Machines                                      ; On                 ; On                 ;
; Ignore Verilog initial constructs                                ; Off                ; Off                ;
; Iteration limit for constant Verilog loops                       ; 5000               ; 5000               ;
; Iteration limit for non-constant Verilog loops                   ; 250                ; 250                ;
; Add Pass-Through Logic to Inferred RAMs                          ; On                 ; On                 ;
; Infer RAMs from Raw Logic                                        ; On                 ; On                 ;
; Parallel Synthesis                                               ; On                 ; On                 ;
; DSP Block Balancing                                              ; Auto               ; Auto               ;
; NOT Gate Push-Back                                               ; On                 ; On                 ;
; Power-Up Don't Care                                              ; On                 ; On                 ;
; Remove Redundant Logic Cells                                     ; Off                ; Off                ;
; Remove Duplicate Registers                                       ; On                 ; On                 ;
; Ignore CARRY Buffers                                             ; Off                ; Off                ;
; Ignore CASCADE Buffers                                           ; Off                ; Off                ;
; Ignore GLOBAL Buffers                                            ; Off                ; Off                ;
; Ignore ROW GLOBAL Buffers                                        ; Off                ; Off                ;
; Ignore LCELL Buffers                                             ; Off                ; Off                ;
; Ignore SOFT Buffers                                              ; On                 ; On                 ;
; Limit AHDL Integers to 32 Bits                                   ; Off                ; Off                ;
; Optimization Technique                                           ; Balanced           ; Balanced           ;
; Carry Chain Length                                               ; 70                 ; 70                 ;
; Auto Carry Chains                                                ; On                 ; On                 ;
; Auto Open-Drain Pins                                             ; On                 ; On                 ;
; Perform WYSIWYG Primitive Resynthesis                            ; Off                ; Off                ;
; Auto ROM Replacement                                             ; On                 ; On                 ;
; Auto RAM Replacement                                             ; On                 ; On                 ;
; Auto DSP Block Replacement                                       ; On                 ; On                 ;
; Auto Shift Register Replacement                                  ; Auto               ; Auto               ;
; Allow Shift Register Merging across Hierarchies                  ; Auto               ; Auto               ;
; Auto Clock Enable Replacement                                    ; On                 ; On                 ;
; Strict RAM Replacement                                           ; Off                ; Off                ;
; Allow Synchronous Control Signals                                ; On                 ; On                 ;
; Force Use of Synchronous Clear Signals                           ; Off                ; Off                ;
; Auto RAM Block Balancing                                         ; On                 ; On                 ;
; Auto RAM to Logic Cell Conversion                                ; Off                ; Off                ;
; Auto Resource Sharing                                            ; Off                ; Off                ;
; Allow Any RAM Size For Recognition                               ; Off                ; Off                ;
; Allow Any ROM Size For Recognition                               ; Off                ; Off                ;
; Allow Any Shift Register Size For Recognition                    ; Off                ; Off                ;
; Use LogicLock Constraints during Resource Balancing              ; On                 ; On                 ;
; Ignore translate_off and synthesis_off directives                ; Off                ; Off                ;
; Timing-Driven Synthesis                                          ; On                 ; On                 ;
; Report Parameter Settings                                        ; On                 ; On                 ;
; Report Source Assignments                                        ; On                 ; On                 ;
; Report Connectivity Checks                                       ; On                 ; On                 ;
; Ignore Maximum Fan-Out Assignments                               ; Off                ; Off                ;
; Synchronization Register Chain Length                            ; 2                  ; 2                  ;
; Power Optimization During Synthesis                              ; Normal compilation ; Normal compilation ;
; HDL message level                                                ; Level2             ; Level2             ;
; Suppress Register Optimization Related Messages                  ; Off                ; Off                ;
; Number of Removed Registers Reported in Synthesis Report         ; 5000               ; 5000               ;
; Number of Swept Nodes Reported in Synthesis Report               ; 5000               ; 5000               ;
; Number of Inverted Registers Reported in Synthesis Report        ; 100                ; 100                ;
; Clock MUX Protection                                             ; On                 ; On                 ;
; Auto Gated Clock Conversion                                      ; Off                ; Off                ;
; Block Design Naming                                              ; Auto               ; Auto               ;
; SDC constraint protection                                        ; Off                ; Off                ;
; Synthesis Effort                                                 ; Auto               ; Auto               ;
; Shift Register Replacement - Allow Asynchronous Clear Signal     ; On                 ; On                 ;
; Pre-Mapping Resynthesis Optimization                             ; Off                ; Off                ;
; Analysis & Synthesis Message Level                               ; Medium             ; Medium             ;
; Disable Register Merging Across Hierarchies                      ; Auto               ; Auto               ;
; Resource Aware Inference For Block RAM                           ; On                 ; On                 ;
+------------------------------------------------------------------+--------------------+--------------------+


+------------------------------------------+
; Parallel Compilation                     ;
+----------------------------+-------------+
; Processors                 ; Number      ;
+----------------------------+-------------+
; Number detected on machine ; 8           ;
; Maximum allowed            ; 4           ;
;                            ;             ;
; Average used               ; 1.00        ;
; Maximum used               ; 4           ;
;                            ;             ;
; Usage by Processor         ; % Time Used ;
;     Processor 1            ; 100.0%      ;
;     Processor 2            ;   0.0%      ;
;     Processor 3            ;   0.0%      ;
;     Processor 4            ;   0.0%      ;
+----------------------------+-------------+


+------------------------------------------------------------------------------------------------------------------------------------------------------------+
; Analysis & Synthesis Source Files Read                                                                                                                     ;
+----------------------------------+-----------------+-----------------+---------------------------------------------------------------------------+---------+
; File Name with User-Entered Path ; Used in Netlist ; File Type       ; File Name with Absolute Path                                              ; Library ;
+----------------------------------+-----------------+-----------------+---------------------------------------------------------------------------+---------+
; types_pkg.vhd                    ; yes             ; User VHDL File  ; C:/Users/harsh/Desktop/Coding/quartus_arch_design/core/types_pkg.vhd      ;         ;
; mem_controller.vhd               ; yes             ; User VHDL File  ; C:/Users/harsh/Desktop/Coding/quartus_arch_design/core/mem_controller.vhd ;         ;
+----------------------------------+-----------------+-----------------+---------------------------------------------------------------------------+---------+


+---------------------------------------------------------+
; Analysis & Synthesis Resource Usage Summary             ;
+---------------------------------------------+-----------+
; Resource                                    ; Usage     ;
+---------------------------------------------+-----------+
; Estimated Total logic elements              ; 747       ;
;                                             ;           ;
; Total combinational functions               ; 666       ;
; Logic element usage by number of LUT inputs ;           ;
;     -- 4 input functions                    ; 569       ;
;     -- 3 input functions                    ; 82        ;
;     -- <=2 input functions                  ; 15        ;
;                                             ;           ;
; Logic elements by mode                      ;           ;
;     -- normal mode                          ; 666       ;
;     -- arithmetic mode                      ; 0         ;
;                                             ;           ;
; Total registers                             ; 224       ;
;     -- Dedicated logic registers            ; 224       ;
;     -- I/O registers                        ; 0         ;
;                                             ;           ;
; I/O pins                                    ; 434       ;
;                                             ;           ;
; Embedded Multiplier 9-bit elements          ; 0         ;
;                                             ;           ;
; Maximum fan-out node                        ; clk~input ;
; Maximum fan-out                             ; 224       ;
; Total fan-out                               ; 3918      ;
; Average fan-out                             ; 2.23      ;
+---------------------------------------------+-----------+


+---------------------------------------------------------------------------------------------------------------------------------------------------------------------------------------------------------------------------------------+
; Analysis & Synthesis Resource Utilization by Entity                                                                                                                                                                                   ;
+----------------------------+---------------------+---------------------------+-------------+------------+--------------+---------+-----------+------+--------------+------------+---------------------+----------------+--------------+
; Compilation Hierarchy Node ; Combinational ALUTs ; Dedicated Logic Registers ; Memory Bits ; UFM Blocks ; DSP Elements ; DSP 9x9 ; DSP 18x18 ; Pins ; Virtual Pins ; ADC blocks ; Full Hierarchy Name ; Entity Name    ; Library Name ;
+----------------------------+---------------------+---------------------------+-------------+------------+--------------+---------+-----------+------+--------------+------------+---------------------+----------------+--------------+
; |mem_controller            ; 666 (666)           ; 224 (224)                 ; 0           ; 0          ; 0            ; 0       ; 0         ; 434  ; 0            ; 0          ; |mem_controller     ; mem_controller ; work         ;
+----------------------------+---------------------+---------------------------+-------------+------------+--------------+---------+-----------+------+--------------+------------+---------------------+----------------+--------------+
Note: For table entries with two numbers listed, the numbers in parentheses indicate the number of resources of the given type used by the specific entity alone. The numbers listed outside of parentheses indicate the total resources of the given type used by the specific entity and all of its sub-entities in the hierarchy.


Encoding Type:  One-Hot
+---------------------------------------------------------------------------------------------------------------------------------------------------------+
; State Machine - |mem_controller|controller_state[0]                                                                                                     ;
+--------------------------+------------------------+------------------------+------------------------+------------------------+--------------------------+
; Name                     ; controller_state[0].WW ; controller_state[0].WR ; controller_state[0].RW ; controller_state[0].RR ; controller_state[0].IDLE ;
+--------------------------+------------------------+------------------------+------------------------+------------------------+--------------------------+
; controller_state[0].IDLE ; 0                      ; 0                      ; 0                      ; 0                      ; 0                        ;
; controller_state[0].RR   ; 0                      ; 0                      ; 0                      ; 1                      ; 1                        ;
; controller_state[0].RW   ; 0                      ; 0                      ; 1                      ; 0                      ; 1                        ;
; controller_state[0].WR   ; 0                      ; 1                      ; 0                      ; 0                      ; 1                        ;
; controller_state[0].WW   ; 1                      ; 0                      ; 0                      ; 0                      ; 1                        ;
+--------------------------+------------------------+------------------------+------------------------+------------------------+--------------------------+


Encoding Type:  One-Hot
+---------------------------------------------------------------------------------------------------------------------------------------------------------+
; State Machine - |mem_controller|controller_state[1]                                                                                                     ;
+--------------------------+------------------------+------------------------+------------------------+------------------------+--------------------------+
; Name                     ; controller_state[1].WW ; controller_state[1].WR ; controller_state[1].RW ; controller_state[1].RR ; controller_state[1].IDLE ;
+--------------------------+------------------------+------------------------+------------------------+------------------------+--------------------------+
; controller_state[1].IDLE ; 0                      ; 0                      ; 0                      ; 0                      ; 0                        ;
; controller_state[1].RR   ; 0                      ; 0                      ; 0                      ; 1                      ; 1                        ;
; controller_state[1].RW   ; 0                      ; 0                      ; 1                      ; 0                      ; 1                        ;
; controller_state[1].WR   ; 0                      ; 1                      ; 0                      ; 0                      ; 1                        ;
; controller_state[1].WW   ; 1                      ; 0                      ; 0                      ; 0                      ; 1                        ;
+--------------------------+------------------------+------------------------+------------------------+------------------------+--------------------------+


Encoding Type:  One-Hot
+---------------------------------------------------------------------------------------------------------------------------------------------------------+
; State Machine - |mem_controller|controller_state[2]                                                                                                     ;
+--------------------------+------------------------+------------------------+------------------------+------------------------+--------------------------+
; Name                     ; controller_state[2].WW ; controller_state[2].WR ; controller_state[2].RW ; controller_state[2].RR ; controller_state[2].IDLE ;
+--------------------------+------------------------+------------------------+------------------------+------------------------+--------------------------+
; controller_state[2].IDLE ; 0                      ; 0                      ; 0                      ; 0                      ; 0                        ;
; controller_state[2].RR   ; 0                      ; 0                      ; 0                      ; 1                      ; 1                        ;
; controller_state[2].RW   ; 0                      ; 0                      ; 1                      ; 0                      ; 1                        ;
; controller_state[2].WR   ; 0                      ; 1                      ; 0                      ; 0                      ; 1                        ;
; controller_state[2].WW   ; 1                      ; 0                      ; 0                      ; 0                      ; 1                        ;
+--------------------------+------------------------+------------------------+------------------------+------------------------+--------------------------+


Encoding Type:  One-Hot
+---------------------------------------------------------------------------------------------------------------------------------------------------------+
; State Machine - |mem_controller|controller_state[3]                                                                                                     ;
+--------------------------+------------------------+------------------------+------------------------+------------------------+--------------------------+
; Name                     ; controller_state[3].WW ; controller_state[3].WR ; controller_state[3].RW ; controller_state[3].RR ; controller_state[3].IDLE ;
+--------------------------+------------------------+------------------------+------------------------+------------------------+--------------------------+
; controller_state[3].IDLE ; 0                      ; 0                      ; 0                      ; 0                      ; 0                        ;
; controller_state[3].RR   ; 0                      ; 0                      ; 0                      ; 1                      ; 1                        ;
; controller_state[3].RW   ; 0                      ; 0                      ; 1                      ; 0                      ; 1                        ;
; controller_state[3].WR   ; 0                      ; 1                      ; 0                      ; 0                      ; 1                        ;
; controller_state[3].WW   ; 1                      ; 0                      ; 0                      ; 0                      ; 1                        ;
+--------------------------+------------------------+------------------------+------------------------+------------------------+--------------------------+


+------------------------------------------------------+
; General Register Statistics                          ;
+----------------------------------------------+-------+
; Statistic                                    ; Value ;
+----------------------------------------------+-------+
; Total registers                              ; 224   ;
; Number of registers using Synchronous Clear  ; 108   ;
; Number of registers using Synchronous Load   ; 4     ;
; Number of registers using Asynchronous Clear ; 0     ;
; Number of registers using Asynchronous Load  ; 0     ;
; Number of registers using Clock Enable       ; 184   ;
; Number of registers using Preset             ; 0     ;
+----------------------------------------------+-------+


+-------------------------------------------------------------------------------------------------------------------------------------------------------------+
; Multiplexer Restructuring Statistics (Restructuring Performed)                                                                                              ;
+--------------------+-----------+---------------+----------------------+------------------------+------------+-----------------------------------------------+
; Multiplexer Inputs ; Bus Width ; Baseline Area ; Area if Restructured ; Saving if Restructured ; Registered ; Example Multiplexer Output                    ;
+--------------------+-----------+---------------+----------------------+------------------------+------------+-----------------------------------------------+
; 3:1                ; 3 bits    ; 6 LEs         ; 3 LEs                ; 3 LEs                  ; Yes        ; |mem_controller|current_consumer[0][0]        ;
; 3:1                ; 3 bits    ; 6 LEs         ; 3 LEs                ; 3 LEs                  ; Yes        ; |mem_controller|current_consumer[1][0]        ;
; 3:1                ; 3 bits    ; 6 LEs         ; 3 LEs                ; 3 LEs                  ; Yes        ; |mem_controller|current_consumer[2][0]        ;
; 3:1                ; 3 bits    ; 6 LEs         ; 3 LEs                ; 3 LEs                  ; Yes        ; |mem_controller|current_consumer[3][0]        ;
; 3:1                ; 8 bits    ; 16 LEs        ; 8 LEs                ; 8 LEs                  ; Yes        ; |mem_controller|mem_read_address[0][4]~reg0   ;
; 3:1                ; 8 bits    ; 16 LEs        ; 8 LEs                ; 8 LEs                  ; Yes        ; |mem_controller|mem_read_address[1][4]~reg0   ;
; 3:1                ; 8 bits    ; 16 LEs        ; 8 LEs                ; 8 LEs                  ; Yes        ; |mem_controller|mem_read_address[2][4]~reg0   ;
; 3:1                ; 8 bits    ; 16 LEs        ; 8 LEs                ; 8 LEs                  ; Yes        ; |mem_controller|mem_read_address[3][4]~reg0   ;
; 3:1                ; 16 bits   ; 32 LEs        ; 16 LEs               ; 16 LEs                 ; Yes        ; |mem_controller|mem_write_data[0][5]~reg0     ;
; 3:1                ; 16 bits   ; 32 LEs        ; 16 LEs               ; 16 LEs                 ; Yes        ; |mem_controller|mem_write_address[1][4]~reg0  ;
; 3:1                ; 16 bits   ; 32 LEs        ; 16 LEs               ; 16 LEs                 ; Yes        ; |mem_controller|mem_write_data[2][2]~reg0     ;
; 3:1                ; 16 bits   ; 32 LEs        ; 16 LEs               ; 16 LEs                 ; Yes        ; |mem_controller|mem_write_data[3][3]~reg0     ;
; 6:1                ; 8 bits    ; 32 LEs        ; 24 LEs               ; 8 LEs                  ; Yes        ; |mem_controller|consumer_read_data[0][7]~reg0 ;
; 6:1                ; 8 bits    ; 32 LEs        ; 24 LEs               ; 8 LEs                  ; Yes        ; |mem_controller|consumer_read_data[1][0]~reg0 ;
; 6:1                ; 8 bits    ; 32 LEs        ; 24 LEs               ; 8 LEs                  ; Yes        ; |mem_controller|consumer_read_data[2][1]~reg0 ;
; 6:1                ; 8 bits    ; 32 LEs        ; 24 LEs               ; 8 LEs                  ; Yes        ; |mem_controller|consumer_read_data[3][7]~reg0 ;
; 6:1                ; 8 bits    ; 32 LEs        ; 24 LEs               ; 8 LEs                  ; Yes        ; |mem_controller|consumer_read_data[4][0]~reg0 ;
; 6:1                ; 8 bits    ; 32 LEs        ; 24 LEs               ; 8 LEs                  ; Yes        ; |mem_controller|consumer_read_data[5][0]~reg0 ;
; 6:1                ; 8 bits    ; 32 LEs        ; 24 LEs               ; 8 LEs                  ; Yes        ; |mem_controller|consumer_read_data[6][1]~reg0 ;
; 6:1                ; 8 bits    ; 32 LEs        ; 24 LEs               ; 8 LEs                  ; Yes        ; |mem_controller|consumer_read_data[7][1]~reg0 ;
; 4:1                ; 2 bits    ; 4 LEs         ; 4 LEs                ; 0 LEs                  ; No         ; |mem_controller|controller_state              ;
; 4:1                ; 2 bits    ; 4 LEs         ; 4 LEs                ; 0 LEs                  ; No         ; |mem_controller|controller_state              ;
; 4:1                ; 2 bits    ; 4 LEs         ; 4 LEs                ; 0 LEs                  ; No         ; |mem_controller|controller_state              ;
; 4:1                ; 2 bits    ; 4 LEs         ; 4 LEs                ; 0 LEs                  ; No         ; |mem_controller|controller_state              ;
; 8:1                ; 2 bits    ; 10 LEs        ; 10 LEs               ; 0 LEs                  ; No         ; |mem_controller|Mux0                          ;
; 8:1                ; 2 bits    ; 10 LEs        ; 10 LEs               ; 0 LEs                  ; No         ; |mem_controller|Mux3                          ;
; 8:1                ; 2 bits    ; 10 LEs        ; 10 LEs               ; 0 LEs                  ; No         ; |mem_controller|Mux5                          ;
; 8:1                ; 2 bits    ; 10 LEs        ; 10 LEs               ; 0 LEs                  ; No         ; |mem_controller|Mux6                          ;
; 8:1                ; 26 bits   ; 130 LEs       ; 130 LEs              ; 0 LEs                  ; No         ; |mem_controller|process_0                     ;
+--------------------+-----------+---------------+----------------------+------------------------+------------+-----------------------------------------------+


+--------------------------------------------------------------------------------+
; Parameter Settings for User Entity Instance: Top-level Entity: |mem_controller ;
+----------------+-------+-------------------------------------------------------+
; Parameter Name ; Value ; Type                                                  ;
+----------------+-------+-------------------------------------------------------+
; ADDR_BITS      ; 8     ; Signed Integer                                        ;
; DATA_BITS      ; 8     ; Signed Integer                                        ;
; NUM_CONSUMERS  ; 8     ; Signed Integer                                        ;
; NUM_CHANNELS   ; 4     ; Signed Integer                                        ;
+----------------+-------+-------------------------------------------------------+
Note: In order to hide this table in the UI and the text report file, please set the "Show Parameter Settings in Synthesis Report" option in "Analysis and Synthesis Settings -> More Settings" to "Off".


+-----------------------------------------------------+
; Post-Synthesis Netlist Statistics for Top Partition ;
+-----------------------+-----------------------------+
; Type                  ; Count                       ;
+-----------------------+-----------------------------+
; boundary_port         ; 434                         ;
; cycloneiii_ff         ; 224                         ;
;     ENA               ; 112                         ;
;     ENA SCLR          ; 72                          ;
;     SCLR              ; 32                          ;
;     SCLR SLD          ; 4                           ;
;     plain             ; 4                           ;
; cycloneiii_lcell_comb ; 666                         ;
;     normal            ; 666                         ;
;         2 data inputs ; 15                          ;
;         3 data inputs ; 82                          ;
;         4 data inputs ; 569                         ;
;                       ;                             ;
; Max LUT depth         ; 8.00                        ;
; Average LUT depth     ; 4.58                        ;
+-----------------------+-----------------------------+


+-------------------------------+
; Elapsed Time Per Partition    ;
+----------------+--------------+
; Partition Name ; Elapsed Time ;
+----------------+--------------+
; Top            ; 00:00:01     ;
+----------------+--------------+


+-------------------------------+
; Analysis & Synthesis Messages ;
+-------------------------------+
Info: *******************************************************************
Info: Running Quartus Prime Analysis & Synthesis
    Info: Version 20.1.1 Build 720 11/11/2020 SJ Lite Edition
    Info: Processing started: Thu Jul 31 23:30:56 2025
Info: Command: quartus_map --read_settings_files=on --write_settings_files=off core -c core
Warning (18236): Number of processors has not been specified which may cause overloading on shared machines.  Set the global assignment NUM_PARALLEL_PROCESSORS in your QSF to an appropriate value for best performance.
Info (20030): Parallel compilation is enabled and will use 4 of the 4 processors detected
Info (12021): Found 2 design units, including 0 entities, in source file types_pkg.vhd
    Info (12022): Found design unit 1: types_pkg File: C:/Users/harsh/Desktop/Coding/quartus_arch_design/core/types_pkg.vhd Line: 4
    Info (12022): Found design unit 2: types_pkg-body File: C:/Users/harsh/Desktop/Coding/quartus_arch_design/core/types_pkg.vhd Line: 20
Info (12021): Found 2 design units, including 1 entities, in source file scheduler.vhd
    Info (12022): Found design unit 1: scheduler-arch File: C:/Users/harsh/Desktop/Coding/quartus_arch_design/core/scheduler.vhd Line: 20
    Info (12023): Found entity 1: scheduler File: C:/Users/harsh/Desktop/Coding/quartus_arch_design/core/scheduler.vhd Line: 4
Info (12021): Found 2 design units, including 1 entities, in source file fetcher.vhd
    Info (12022): Found design unit 1: fetcher-arch File: C:/Users/harsh/Desktop/Coding/quartus_arch_design/core/fetcher.vhd Line: 18
    Info (12023): Found entity 1: fetcher File: C:/Users/harsh/Desktop/Coding/quartus_arch_design/core/fetcher.vhd Line: 4
Info (12021): Found 2 design units, including 1 entities, in source file decoder.vhd
    Info (12022): Found design unit 1: decoder-arch File: C:/Users/harsh/Desktop/Coding/quartus_arch_design/core/decoder.vhd Line: 25
    Info (12023): Found entity 1: decoder File: C:/Users/harsh/Desktop/Coding/quartus_arch_design/core/decoder.vhd Line: 4
Info (12021): Found 2 design units, including 1 entities, in source file alu.vhd
    Info (12022): Found design unit 1: alu-arch File: C:/Users/harsh/Desktop/Coding/quartus_arch_design/core/alu.vhd Line: 15
    Info (12023): Found entity 1: alu File: C:/Users/harsh/Desktop/Coding/quartus_arch_design/core/alu.vhd Line: 3
Info (12021): Found 2 design units, including 1 entities, in source file lsu.vhd
    Info (12022): Found design unit 1: lsu-arch File: C:/Users/harsh/Desktop/Coding/quartus_arch_design/core/lsu.vhd Line: 24
    Info (12023): Found entity 1: lsu File: C:/Users/harsh/Desktop/Coding/quartus_arch_design/core/lsu.vhd Line: 4
Info (12021): Found 2 design units, including 1 entities, in source file pc.vhd
    Info (12022): Found design unit 1: pc-arch File: C:/Users/harsh/Desktop/Coding/quartus_arch_design/core/pc.vhd Line: 17
    Info (12023): Found entity 1: pc File: C:/Users/harsh/Desktop/Coding/quartus_arch_design/core/pc.vhd Line: 3
Info (12021): Found 2 design units, including 1 entities, in source file rf.vhd
    Info (12022): Found design unit 1: rf-arch File: C:/Users/harsh/Desktop/Coding/quartus_arch_design/core/rf.vhd Line: 23
    Info (12023): Found entity 1: rf File: C:/Users/harsh/Desktop/Coding/quartus_arch_design/core/rf.vhd Line: 4
Info (12021): Found 2 design units, including 1 entities, in source file thread.vhd
    Info (12022): Found design unit 1: thread-arch File: C:/Users/harsh/Desktop/Coding/quartus_arch_design/core/thread.vhd Line: 39
    Info (12023): Found entity 1: thread File: C:/Users/harsh/Desktop/Coding/quartus_arch_design/core/thread.vhd Line: 4
Info (12021): Found 2 design units, including 1 entities, in source file core.vhd
    Info (12022): Found design unit 1: core-arch File: C:/Users/harsh/Desktop/Coding/quartus_arch_design/core/core.vhd Line: 31
    Info (12023): Found entity 1: core File: C:/Users/harsh/Desktop/Coding/quartus_arch_design/core/core.vhd Line: 4
Info (12021): Found 2 design units, including 1 entities, in source file dcr.vhd
    Info (12022): Found design unit 1: dcr-arch File: C:/Users/harsh/Desktop/Coding/quartus_arch_design/core/dcr.vhd Line: 14
    Info (12023): Found entity 1: dcr File: C:/Users/harsh/Desktop/Coding/quartus_arch_design/core/dcr.vhd Line: 4
Info (12021): Found 2 design units, including 1 entities, in source file dispatcher.vhd
    Info (12022): Found design unit 1: dispatcher-arch File: C:/Users/harsh/Desktop/Coding/quartus_arch_design/core/dispatcher.vhd Line: 19
    Info (12023): Found entity 1: dispatcher File: C:/Users/harsh/Desktop/Coding/quartus_arch_design/core/dispatcher.vhd Line: 4
Info (12021): Found 2 design units, including 1 entities, in source file mem_controller.vhd
    Info (12022): Found design unit 1: mem_controller-arch File: C:/Users/harsh/Desktop/Coding/quartus_arch_design/core/mem_controller.vhd Line: 35
    Info (12023): Found entity 1: mem_controller File: C:/Users/harsh/Desktop/Coding/quartus_arch_design/core/mem_controller.vhd Line: 4
Info (12127): Elaborating entity "mem_controller" for the top level hierarchy
Info (286030): Timing-Driven Synthesis is running
Info (16010): Generating hard_block partition "hard_block:auto_generated_inst"
    Info (16011): Adding 0 node(s), including 0 DDIO, 0 PLL, 0 transceiver and 0 LCELL
Info (21057): Implemented 1208 device resources after synthesis - the final resource count might be different
    Info (21058): Implemented 250 input pins
    Info (21059): Implemented 184 output pins
    Info (21061): Implemented 774 logic cells
Info: Quartus Prime Analysis & Synthesis was successful. 0 errors, 1 warning
    Info: Peak virtual memory: 4792 megabytes
    Info: Processing ended: Thu Jul 31 23:31:04 2025
    Info: Elapsed time: 00:00:08
    Info: Total CPU time (on all processors): 00:00:06


